<?xml version="1.0" encoding="UTF-8"?>
<testng-results skipped="0" failed="0" ignored="0" total="1" passed="1">
  <reporter-output>
  </reporter-output>
  <suite name="Default suite" duration-ms="19034" started-at="2021-01-04T04:39:19Z" finished-at="2021-01-04T04:39:38Z">
    <groups>
    </groups>
    <test name="Default test" duration-ms="19034" started-at="2021-01-04T04:39:19Z" finished-at="2021-01-04T04:39:38Z">
      <class name="www.testKeyword.framework.LoginTest">
        <test-method status="PASS" signature="login()[pri:0, instance:www.testKeyword.framework.LoginTest@523884b2]" name="login" duration-ms="18951" started-at="2021-01-04T04:39:19Z" finished-at="2021-01-04T04:39:38Z">
          <reporter-output>
          </reporter-output>
        </test-method> <!-- login -->
      </class> <!-- www.testKeyword.framework.LoginTest -->
    </test> <!-- Default test -->
  </suite> <!-- Default suite -->
</testng-results>
