<?xml version="1.0" encoding="UTF-8"?>
<testng-results skipped="0" failed="0" ignored="0" total="1" passed="1">
  <reporter-output>
  </reporter-output>
  <suite name="www.testKeyword.framework.LoginTest" duration-ms="14596" started-at="2021-01-04T05:06:04Z" finished-at="2021-01-04T05:06:19Z">
    <groups>
    </groups>
    <test name="Command line test" duration-ms="14596" started-at="2021-01-04T05:06:04Z" finished-at="2021-01-04T05:06:19Z">
      <class name="www.testKeyword.framework.LoginTest">
        <test-method status="PASS" signature="login()[pri:0, instance:www.testKeyword.framework.LoginTest@6d78f375]" name="login" duration-ms="14561" started-at="2021-01-04T05:06:04Z" finished-at="2021-01-04T05:06:19Z">
          <reporter-output>
          </reporter-output>
        </test-method> <!-- login -->
      </class> <!-- www.testKeyword.framework.LoginTest -->
    </test> <!-- Command line test -->
  </suite> <!-- www.testKeyword.framework.LoginTest -->
</testng-results>
